12/06/2024 11:31:08 AM: INFO: test_login.py: **********test_valid_admin_login Started**********
12/06/2024 11:32:01 AM: INFO: test_login.py: **********test_valid_admin_login Started**********
12/06/2024 11:32:45 AM: INFO: test_login.py: **********test_valid_admin_login Started**********
12/06/2024 12:06:46 PM: INFO: test_login.py: **********test_valid_admin_login Started**********
12/06/2024 12:08:35 PM: INFO: test_login.py: **********test_valid_admin_login Started**********
12/06/2024 12:16:06 PM: INFO: test_login.py: **********test_valid_admin_login Started**********
12/06/2024 12:17:56 PM: INFO: test_login.py: **********test_valid_admin_login Started**********
12/06/2024 12:54:36 PM: INFO: test_login.py: **********test_valid_admin_login Started**********
12/06/2024 12:54:41 PM: INFO: test_login.py: **********test_valid_admin_login Started**********
12/06/2024 12:54:46 PM: INFO: test_login.py: **********test_valid_admin_login Started**********
12/06/2024 12:54:51 PM: INFO: test_login.py: **********test_valid_admin_login Started**********
12/06/2024 12:55:54 PM: INFO: test_login.py: **********test_valid_admin_login Started**********
12/06/2024 12:56:03 PM: INFO: test_login.py: **********test_valid_admin_login Started**********
12/06/2024 12:56:12 PM: INFO: test_login.py: **********test_valid_admin_login Started**********
12/06/2024 12:56:21 PM: INFO: test_login.py: **********test_valid_admin_login Started**********
12/06/2024 01:04:50 PM: INFO: test_login.py: **********test_verify_title Started**********
12/06/2024 01:04:52 PM: INFO: test_login.py: **********test_valid_admin_login Started**********
12/06/2024 01:05:01 PM: INFO: test_login.py: **********test_valid_admin_login Started**********
12/06/2024 01:05:11 PM: INFO: test_login.py: **********test_valid_admin_login Started**********
12/06/2024 01:05:19 PM: INFO: test_login.py: **********test_valid_admin_login Started**********
12/06/2024 01:07:38 PM: INFO: test_login.py: **********test_verify_title Started**********
12/06/2024 01:07:38 PM: INFO: test_login.py: **********test_verify_title Failed**********
12/06/2024 01:08:39 PM: INFO: test_login.py: **********test_verify_title Started**********
12/06/2024 01:08:39 PM: INFO: test_login.py: **********test_verify_title Passed**********
